2020-11-21T08:29:40+00:00 Lakshs-MacBook-Pro.local#01 I: Start test public:0:public_expr_basic.
2020-11-21T08:29:40+00:00 Lakshs-MacBook-Pro.local#01 W: Skip test public:0:public_expr_basic: Test disabled.
2020-11-21T08:29:40+00:00 Lakshs-MacBook-Pro.local#01 I: End test public:0:public_expr_basic.
2020-11-21T08:29:40+00:00 Lakshs-MacBook-Pro.local#01 I: Start test public:3:public_stmt_basic.
2020-11-21T08:29:40+00:00 Lakshs-MacBook-Pro.local#01 W: Skip test public:3:public_stmt_basic: Test disabled.
2020-11-21T08:29:40+00:00 Lakshs-MacBook-Pro.local#01 I: End test public:3:public_stmt_basic.
2020-11-21T08:29:40+00:00 Lakshs-MacBook-Pro.local#01 I: Start test public:4:public_stmt_control.
2020-11-21T08:29:40+00:00 Lakshs-MacBook-Pro.local#01 W: Skip test public:4:public_stmt_control: Test disabled.
2020-11-21T08:29:40+00:00 Lakshs-MacBook-Pro.local#01 I: End test public:4:public_stmt_control.
2020-11-21T08:29:40+00:00 Lakshs-MacBook-Pro.local#01 I: Start test public:5:public_define_1.
2020-11-21T08:29:40+00:00 Lakshs-MacBook-Pro.local#01 W: Skip test public:5:public_define_1: Test disabled.
2020-11-21T08:29:40+00:00 Lakshs-MacBook-Pro.local#01 I: End test public:5:public_define_1.
2020-11-21T08:29:40+00:00 Lakshs-MacBook-Pro.local#01 I: Start test public:6:public_define_2.
2020-11-21T08:29:40+00:00 Lakshs-MacBook-Pro.local#01 W: Skip test public:6:public_define_2: Test disabled.
2020-11-21T08:29:40+00:00 Lakshs-MacBook-Pro.local#01 I: End test public:6:public_define_2.
2020-11-21T08:29:40+00:00 Lakshs-MacBook-Pro.local#01 I: Start test public:7:public_assign_1.
2020-11-21T08:29:40+00:00 Lakshs-MacBook-Pro.local#01 W: Skip test public:7:public_assign_1: Test disabled.
2020-11-21T08:29:40+00:00 Lakshs-MacBook-Pro.local#01 I: End test public:7:public_assign_1.
2020-11-21T08:29:40+00:00 Lakshs-MacBook-Pro.local#01 I: Start test public:8:public_assign_2.
2020-11-21T08:29:40+00:00 Lakshs-MacBook-Pro.local#01 W: Skip test public:8:public_assign_2: Test disabled.
2020-11-21T08:29:40+00:00 Lakshs-MacBook-Pro.local#01 I: End test public:8:public_assign_2.
2020-11-21T08:29:40+00:00 Lakshs-MacBook-Pro.local#01 I: Start test public:9:public_assign_exp.
2020-11-21T08:29:40+00:00 Lakshs-MacBook-Pro.local#01 W: Skip test public:9:public_assign_exp: Test disabled.
2020-11-21T08:29:40+00:00 Lakshs-MacBook-Pro.local#01 I: End test public:9:public_assign_exp.
2020-11-21T08:29:40+00:00 Lakshs-MacBook-Pro.local#01 I: Start test public:10:public_notequal.
2020-11-21T08:29:40+00:00 Lakshs-MacBook-Pro.local#01 W: Skip test public:10:public_notequal: Test disabled.
2020-11-21T08:29:40+00:00 Lakshs-MacBook-Pro.local#01 I: End test public:10:public_notequal.
2020-11-21T08:29:40+00:00 Lakshs-MacBook-Pro.local#01 I: Start test public:11:public_equal.
2020-11-21T08:29:40+00:00 Lakshs-MacBook-Pro.local#01 W: Skip test public:11:public_equal: Test disabled.
2020-11-21T08:29:40+00:00 Lakshs-MacBook-Pro.local#01 I: End test public:11:public_equal.
2020-11-21T08:29:40+00:00 Lakshs-MacBook-Pro.local#01 I: Start test public:12:public_less.
2020-11-21T08:29:40+00:00 Lakshs-MacBook-Pro.local#01 W: Skip test public:12:public_less: Test disabled.
2020-11-21T08:29:40+00:00 Lakshs-MacBook-Pro.local#01 I: End test public:12:public_less.
2020-11-21T08:29:40+00:00 Lakshs-MacBook-Pro.local#01 I: Start test public:13:public_exp_1.
2020-11-21T08:29:40+00:00 Lakshs-MacBook-Pro.local#01 W: Skip test public:13:public_exp_1: Test disabled.
2020-11-21T08:29:40+00:00 Lakshs-MacBook-Pro.local#01 I: End test public:13:public_exp_1.
2020-11-21T08:29:40+00:00 Lakshs-MacBook-Pro.local#01 I: Start test public:14:public_exp_2.
2020-11-21T08:29:40+00:00 Lakshs-MacBook-Pro.local#01 W: Skip test public:14:public_exp_2: Test disabled.
2020-11-21T08:29:40+00:00 Lakshs-MacBook-Pro.local#01 I: End test public:14:public_exp_2.
2020-11-21T08:29:40+00:00 Lakshs-MacBook-Pro.local#01 I: Start test public:15:public_exp_3.
2020-11-21T08:29:40+00:00 Lakshs-MacBook-Pro.local#01 W: Skip test public:15:public_exp_3: Test disabled.
2020-11-21T08:29:40+00:00 Lakshs-MacBook-Pro.local#01 I: End test public:15:public_exp_3.
2020-11-21T08:29:40+00:00 Lakshs-MacBook-Pro.local#01 I: Start test public:16:public_ifelse.
2020-11-21T08:29:40+00:00 Lakshs-MacBook-Pro.local#01 W: Skip test public:16:public_ifelse: Test disabled.
2020-11-21T08:29:40+00:00 Lakshs-MacBook-Pro.local#01 I: End test public:16:public_ifelse.
2020-11-21T08:29:40+00:00 Lakshs-MacBook-Pro.local#01 I: Start test public:17:public_if_else_while.
2020-11-21T08:29:40+00:00 Lakshs-MacBook-Pro.local#01 W: Skip test public:17:public_if_else_while: Test disabled.
2020-11-21T08:29:40+00:00 Lakshs-MacBook-Pro.local#01 I: End test public:17:public_if_else_while.
2020-11-21T08:29:40+00:00 Lakshs-MacBook-Pro.local#01 I: Start test public:18:public_while.
2020-11-21T08:29:40+00:00 Lakshs-MacBook-Pro.local#01 W: Skip test public:18:public_while: Test disabled.
2020-11-21T08:29:40+00:00 Lakshs-MacBook-Pro.local#01 I: End test public:18:public_while.
2020-11-21T08:29:40+00:00 Lakshs-MacBook-Pro.local#01 I: Start test public:19:public_for.
2020-11-21T08:29:40+00:00 Lakshs-MacBook-Pro.local#01 W: Skip test public:19:public_for: Test disabled.
2020-11-21T08:29:40+00:00 Lakshs-MacBook-Pro.local#01 I: End test public:19:public_for.
2020-11-21T08:29:40+00:00 Lakshs-MacBook-Pro.local#01 I: Start test public:20:public_nested_ifelse.
2020-11-21T08:29:40+00:00 Lakshs-MacBook-Pro.local#01 W: Skip test public:20:public_nested_ifelse: Test disabled.
2020-11-21T08:29:40+00:00 Lakshs-MacBook-Pro.local#01 I: End test public:20:public_nested_ifelse.
2020-11-21T08:29:40+00:00 Lakshs-MacBook-Pro.local#01 I: Start test public:21:public_nested_while.
2020-11-21T08:29:40+00:00 Lakshs-MacBook-Pro.local#01 W: Skip test public:21:public_nested_while: Test disabled.
2020-11-21T08:29:40+00:00 Lakshs-MacBook-Pro.local#01 I: End test public:21:public_nested_while.
2020-11-21T08:29:40+00:00 Lakshs-MacBook-Pro.local#01 I: Start test public:22:public_main.
2020-11-21T08:29:40+00:00 Lakshs-MacBook-Pro.local#01 W: Skip test public:22:public_main: Test disabled.
2020-11-21T08:29:40+00:00 Lakshs-MacBook-Pro.local#01 I: End test public:22:public_main.
2020-11-21T08:29:40+00:00 Lakshs-MacBook-Pro.local#01 I: Start test public:23:public_test_1.
2020-11-21T08:29:40+00:00 Lakshs-MacBook-Pro.local#01 W: Skip test public:23:public_test_1: Test disabled.
2020-11-21T08:29:40+00:00 Lakshs-MacBook-Pro.local#01 I: End test public:23:public_test_1.
2020-11-21T08:29:40+00:00 Lakshs-MacBook-Pro.local#01 I: Start test public:24:public_test_2.
2020-11-21T08:29:40+00:00 Lakshs-MacBook-Pro.local#01 W: Skip test public:24:public_test_2: Test disabled.
2020-11-21T08:29:40+00:00 Lakshs-MacBook-Pro.local#01 I: End test public:24:public_test_2.
2020-11-21T08:29:40+00:00 Lakshs-MacBook-Pro.local#01 I: Start test public:25:public_test_3.
2020-11-21T08:29:40+00:00 Lakshs-MacBook-Pro.local#01 W: Skip test public:25:public_test_3: Test disabled.
2020-11-21T08:29:40+00:00 Lakshs-MacBook-Pro.local#01 I: End test public:25:public_test_3.
2020-11-21T08:29:40+00:00 Lakshs-MacBook-Pro.local#01 I: Start test public:26:public_stmt_fail_basic.
2020-11-21T08:29:40+00:00 Lakshs-MacBook-Pro.local#01 W: Skip test public:26:public_stmt_fail_basic: Test disabled.
2020-11-21T08:29:40+00:00 Lakshs-MacBook-Pro.local#01 I: End test public:26:public_stmt_fail_basic.
2020-11-21T08:29:40+00:00 Lakshs-MacBook-Pro.local#01 I: Start test public:27:public_stmt_fail_control.
2020-11-21T08:29:40+00:00 Lakshs-MacBook-Pro.local#01 W: Skip test public:27:public_stmt_fail_control: Test disabled.
2020-11-21T08:29:40+00:00 Lakshs-MacBook-Pro.local#01 I: End test public:27:public_stmt_fail_control.
